<?xml version="1.0" encoding="UTF-8"?>
<!-- Generated by org.testng.reporters.JUnitReportReporter -->
<testsuite hostname="DESKTOP-AGHDDSV" failures="0" tests="1" name="test.com.itexps.GoogleTest" time="9.185" errors="0" timestamp="23 Nov 2024 22:13:35 GMT">
  <testcase classname="test.com.itexps.GoogleTest" name="testGoogle" time="9.185"/>
</testsuite> <!-- test.com.itexps.GoogleTest -->
